<?xml version="1.0" encoding="UTF-8"?>
<!-- Generated by org.testng.reporters.JUnitReportReporter -->
<testsuite hostname="DESKTOP-NIH3UFP" failures="0" tests="1" name="restaurantModule.EditRestaurant" time="9.707" errors="0" timestamp="2023-04-07T09:50:10 IST" skipped="0">
  <testcase classname="restaurantModule.EditRestaurant" name="editRestaurant" time="9.707"/>
  <system-out/>
</testsuite> <!-- restaurantModule.EditRestaurant -->
