<?xml version="1.0" encoding="UTF-8"?>
<!-- Generated by org.testng.reporters.JUnitReportReporter -->
<testsuite hostname="DESKTOP-NIH3UFP" failures="0" tests="2" name="com.objectRepo.DataProviderTest" time="0.008" errors="0" timestamp="2023-03-25T14:15:44 IST" skipped="0">
  <testcase classname="com.objectRepo.DataProviderTest" name="getData" time="0.002"/>
  <system-out>
    <![CDATA[from----->TestYantra  to----->software  location---->solutions]]>
  </system-out>
  <testcase classname="com.objectRepo.DataProviderTest" name="getData" time="0.006"/>
  <system-out>
    <![CDATA[from----->Qspider  to----->TestYantra  location---->Bangalore]]>
  </system-out>
</testsuite> <!-- com.objectRepo.DataProviderTest -->
