<?xml version="1.0" encoding="UTF-8"?>
<!-- Generated by org.testng.reporters.JUnitReportReporter -->
<testsuite hostname="DESKTOP-NIH3UFP" failures="0" tests="1" name="com.practice.BrokenLinks" time="110.409" errors="0" timestamp="2023-04-07T15:34:38 IST" skipped="0">
  <testcase classname="com.practice.BrokenLinks" name="test" time="110.409"/>
  <system-out/>
</testsuite> <!-- com.practice.BrokenLinks -->
