<?xml version="1.0" encoding="UTF-8"?>
<!-- Generated by org.testng.reporters.JUnitReportReporter -->
<testsuite hostname="DESKTOP-NIH3UFP" failures="0" tests="1" name="com.practice.SelinumGrid" time="7.261" errors="0" timestamp="2023-04-11T15:26:08 IST" skipped="0">
  <testcase classname="com.practice.SelinumGrid" name="gridTest" time="7.261"/>
  <system-out/>
</testsuite> <!-- com.practice.SelinumGrid -->
