<?xml version="1.0" encoding="UTF-8"?>
<!-- Generated by org.testng.reporters.JUnitReportReporter -->
<testsuite hostname="DESKTOP-NIH3UFP" failures="0" tests="1" name="com.practice.SeleniumGrid1" time="15.955" errors="0" timestamp="2023-04-11T17:35:01 IST" skipped="0">
  <testcase classname="com.practice.SeleniumGrid1" name="test2" time="15.955"/>
  <system-out/>
</testsuite> <!-- com.practice.SeleniumGrid1 -->
