<?xml version="1.0" encoding="UTF-8"?>
<!-- Generated by org.testng.reporters.JUnitReportReporter -->
<testsuite hostname="DESKTOP-NIH3UFP" failures="0" tests="1" name="ordermodule.LoginClass" time="4.702" errors="0" timestamp="2023-04-07T09:51:57 IST" skipped="0">
  <testcase classname="ordermodule.LoginClass" name="orderModule" time="4.702"/>
  <system-out/>
</testsuite> <!-- ordermodule.LoginClass -->
