<?xml version="1.0" encoding="UTF-8"?>
<!-- Generated by org.testng.reporters.JUnitReportReporter -->
<testsuite hostname="DESKTOP-NIH3UFP" failures="0" tests="1" name="restaurantModule.AddRestaurantTest" time="7.140" errors="0" timestamp="2023-04-07T09:56:30 IST" skipped="0">
  <testcase classname="restaurantModule.AddRestaurantTest" name="addRestaurant" time="7.140"/>
  <system-out/>
</testsuite> <!-- restaurantModule.AddRestaurantTest -->
