<?xml version="1.0" encoding="UTF-8"?>
<!-- Generated by org.testng.reporters.JUnitReportReporter -->
<testsuite hostname="DESKTOP-NIH3UFP" failures="0" tests="4" name="com.practice.ReadDatFromExcel" time="0.008" errors="0" timestamp="2023-03-25T14:15:44 IST" skipped="0">
  <testcase classname="com.practice.ReadDatFromExcel" name="getData1" time="0.002"/>
  <system-out/>
  <testcase classname="com.practice.ReadDatFromExcel" name="getData2" time="0.002"/>
  <system-out/>
  <testcase classname="com.practice.ReadDatFromExcel" name="getData1" time="0.003"/>
  <system-out/>
  <testcase classname="com.practice.ReadDatFromExcel" name="getData2" time="0.001"/>
  <system-out/>
</testsuite> <!-- com.practice.ReadDatFromExcel -->
