<?xml version="1.0" encoding="UTF-8"?>
<!-- Generated by org.testng.reporters.JUnitReportReporter -->
<testsuite hostname="DESKTOP-NIH3UFP" failures="0" tests="1" name="menuModule.EditMenuTest" time="9.406" errors="0" timestamp="2023-04-07T09:56:54 IST" skipped="0">
  <testcase classname="menuModule.EditMenuTest" name="editMenu" time="9.406"/>
  <system-out/>
</testsuite> <!-- menuModule.EditMenuTest -->
