<?xml version="1.0" encoding="UTF-8"?>
<!-- Generated by org.testng.reporters.JUnitReportReporter -->
<testsuite hostname="DESKTOP-NIH3UFP" failures="0" tests="1" name="menuModule.AddMenu" time="7.546" errors="0" timestamp="2023-04-07T09:47:15 IST" skipped="0">
  <testcase classname="menuModule.AddMenu" name="addmenuModule" time="7.546"/>
  <system-out/>
</testsuite> <!-- menuModule.AddMenu -->
