<?xml version="1.0" encoding="UTF-8"?>
<!-- Generated by org.testng.reporters.JUnitReportReporter -->
<testsuite hostname="DESKTOP-NIH3UFP" failures="0" tests="1" name="menuModule.AddMenuTest" time="5.881" errors="0" timestamp="2023-04-11T18:33:42 IST" skipped="0">
  <testcase classname="menuModule.AddMenuTest" name="addmenuModule" time="5.881"/>
  <system-out/>
</testsuite> <!-- menuModule.AddMenuTest -->
