<?xml version="1.0" encoding="UTF-8"?>
<!-- Generated by org.testng.reporters.JUnitReportReporter -->
<testsuite hostname="DESKTOP-NIH3UFP" failures="0" tests="4" name="com.practice.TestNGPractice3" time="0.020" errors="0" timestamp="2023-03-27T11:59:11 IST" skipped="0">
  <testcase classname="com.practice.TestNGPractice3" name="editOrder10" time="0.003"/>
  <system-out/>
  <testcase classname="com.practice.TestNGPractice3" name="createOrder09" time="0.011"/>
  <system-out/>
  <testcase classname="com.practice.TestNGPractice3" name="deleteOrder11" time="0.003"/>
  <system-out/>
  <testcase classname="com.practice.TestNGPractice3" name="removeOrder12" time="0.003"/>
  <system-out/>
</testsuite> <!-- com.practice.TestNGPractice3 -->
