<?xml version="1.0" encoding="UTF-8"?>
<!-- Generated by org.testng.reporters.JUnitReportReporter -->
<testsuite hostname="DESKTOP-NIH3UFP" failures="0" tests="1" name="menuModule.EditMenuTest" time="16.102" errors="0" timestamp="2023-04-11T18:33:42 IST" skipped="0">
  <testcase classname="menuModule.EditMenuTest" name="editMenu" time="16.102"/>
  <system-out/>
</testsuite> <!-- menuModule.EditMenuTest -->
