<?xml version="1.0" encoding="UTF-8"?>
<!-- Generated by org.testng.reporters.JUnitReportReporter -->
<testsuite hostname="DESKTOP-NIH3UFP" failures="0" tests="1" name="com.practice.TestNGPracticeTest" time="0.019" errors="0" timestamp="2023-03-30T17:36:07 IST" skipped="0">
  <testcase classname="com.practice.TestNGPracticeTest" name="createOrder01" time="0.019"/>
  <system-out>
    <![CDATA[createOrder01--------> TestScript Execution Started
createOrder01----> TestScript Execution Sucessfull]]>
  </system-out>
</testsuite> <!-- com.practice.TestNGPracticeTest -->
