<?xml version="1.0" encoding="UTF-8"?>
<!-- Generated by org.testng.reporters.JUnitReportReporter -->
<testsuite hostname="DESKTOP-NIH3UFP" failures="0" tests="1" name="menuModule.AddMenuTest" time="7.020" errors="0" timestamp="2023-04-07T09:57:20 IST" skipped="0">
  <testcase classname="menuModule.AddMenuTest" name="addmenuModule" time="7.020"/>
  <system-out/>
</testsuite> <!-- menuModule.AddMenuTest -->
