<?xml version="1.0" encoding="UTF-8"?>
<!-- Generated by org.testng.reporters.JUnitReportReporter -->
<testsuite hostname="DESKTOP-NIH3UFP" failures="0" tests="1" name="menuModule.EditMenu" time="11.764" errors="0" timestamp="2023-03-27T10:12:35 IST" skipped="0">
  <testcase classname="menuModule.EditMenu" name="editMenu" time="11.764"/>
  <system-out/>
</testsuite> <!-- menuModule.EditMenu -->
