<?xml version="1.0" encoding="UTF-8"?>
<!-- Generated by org.testng.reporters.JUnitReportReporter -->
<testsuite hostname="DESKTOP-NIH3UFP" failures="0" tests="2" name="com.practice.ByUsingExcelUtilityMethod" time="0.010" errors="0" timestamp="2023-03-29T17:14:31 IST" skipped="0">
  <testcase classname="com.practice.ByUsingExcelUtilityMethod" name="dataa" time="0.001"/>
  <system-out/>
  <testcase classname="com.practice.ByUsingExcelUtilityMethod" name="dataa" time="0.009"/>
  <system-out/>
</testsuite> <!-- com.practice.ByUsingExcelUtilityMethod -->
